<?xml version="1.0" encoding="UTF-8"?>
<!-- Generated by org.testng.reporters.JUnitReportReporter -->
<testsuite skipped="0" hostname="DESKTOP-LHJD8G9" name="test.FlipkartTest" tests="1" failures="0" timestamp="2022-08-14T18:55:46 IST" time="94.020" errors="0">
  <testcase name="Homepage" time="94.020" classname="test.FlipkartTest"/>
  <system-out/>
</testsuite> <!-- test.FlipkartTest -->
